<?xml version="1.0" encoding="UTF-8"?>
<!-- Generated by org.testng.reporters.JUnitReportReporter -->
<testsuite hostname="DEV11" name="EmpInfo.Logout" tests="3" failures="0" timestamp="21 Jul 2014 12:55:40 GMT" time="25.228" errors="0">
  <testcase name="loginEmployeeInfobase" time="9.250" classname="EmpInfo.Logout"/>
  <testcase name="logout" time="2.080" classname="EmpInfo.Logout"/>
  <testcase name="loginEmployeeInfobaseWithValidData" time="13.898" classname="EmpInfo.Logout"/>
</testsuite> <!-- EmpInfo.Logout -->
